<?xml version="1.0" encoding="UTF-8"?>
<robot generator="Robot 3.2.2 (Python 3.9.0 on win32)" generated="20201123 13:37:54.658" rpa="false">
<suite id="s1" name="MyProject" source="C:\Users\zlezreg\eclipse-workspace\MyProject">
<suite id="s1-s1" name="TestSuite" source="C:\Users\zlezreg\eclipse-workspace\MyProject\TestSuite.robot">
<test id="s1-s1-t1" name="case">
<kw name="Opening naviation" library="KeyZ">
<kw name="Open Browser" library="SeleniumLibrary">
<doc>Opens a new browser instance to the optional ``url``.</doc>
<arguments>
<arg>${URLAPP}</arg>
<arg>${BROWSER}</arg>
</arguments>
<msg timestamp="20201123 13:37:54.874" level="INFO">Opening browser 'chrome' to base url 'https://opensource-demo.orangehrmlive.com/index.php/auth/login'.</msg>
<status status="PASS" starttime="20201123 13:37:54.873" endtime="20201123 13:38:00.902"></status>
</kw>
<kw name="Maximize Browser Window" library="SeleniumLibrary">
<doc>Maximizes current browser window.</doc>
<status status="PASS" starttime="20201123 13:38:00.903" endtime="20201123 13:38:02.025"></status>
</kw>
<status status="PASS" starttime="20201123 13:37:54.873" endtime="20201123 13:38:02.025"></status>
</kw>
<kw name="LOGIN" library="KeyZ">
<kw name="Input Text" library="SeleniumLibrary">
<doc>Types the given ``text`` into the text field identified by ``locator``.</doc>
<arguments>
<arg>id=txtUsername</arg>
<arg>${identification}[0]</arg>
</arguments>
<msg timestamp="20201123 13:38:02.026" level="INFO">Typing text 'Admin' into text field 'id=txtUsername'.</msg>
<status status="PASS" starttime="20201123 13:38:02.026" endtime="20201123 13:38:02.090"></status>
</kw>
<kw name="Input Password" library="SeleniumLibrary">
<doc>Types the given password into the text field identified by ``locator``.</doc>
<arguments>
<arg>id=txtPassword</arg>
<arg>${identification}[1]</arg>
</arguments>
<msg timestamp="20201123 13:38:02.091" level="INFO">Typing password into text field 'id=txtPassword'.</msg>
<msg timestamp="20201123 13:38:02.121" level="INFO">Temporally setting log level to: NONE</msg>
<msg timestamp="20201123 13:38:02.151" level="INFO">Log level changed from NONE to INFO.</msg>
<status status="PASS" starttime="20201123 13:38:02.091" endtime="20201123 13:38:02.151"></status>
</kw>
<kw name="Click Button" library="SeleniumLibrary">
<doc>Clicks the button identified by ``locator``.</doc>
<arguments>
<arg>id=btnLogin</arg>
</arguments>
<msg timestamp="20201123 13:38:02.152" level="INFO">Clicking button 'id=btnLogin'.</msg>
<status status="PASS" starttime="20201123 13:38:02.152" endtime="20201123 13:38:06.121"></status>
</kw>
<status status="PASS" starttime="20201123 13:38:02.025" endtime="20201123 13:38:06.121"></status>
</kw>
<kw name="Close Browser" library="SeleniumLibrary">
<doc>Closes the current browser.</doc>
<status status="PASS" starttime="20201123 13:38:06.121" endtime="20201123 13:38:08.336"></status>
</kw>
<status status="PASS" starttime="20201123 13:37:54.872" endtime="20201123 13:38:08.337" critical="yes"></status>
</test>
<test id="s1-s1-t2" name="case 1">
<kw name="Open Browser" library="SeleniumLibrary">
<doc>Opens a new browser instance to the optional ``url``.</doc>
<arguments>
<arg>https://chatbot-dev.legal-suite.com/galexy/</arg>
<arg>browser=chrome</arg>
</arguments>
<msg timestamp="20201123 13:38:08.340" level="INFO">Opening browser 'chrome' to base url 'https://chatbot-dev.legal-suite.com/galexy/'.</msg>
<status status="PASS" starttime="20201123 13:38:08.340" endtime="20201123 13:38:20.391"></status>
</kw>
<status status="PASS" starttime="20201123 13:38:08.339" endtime="20201123 13:38:20.391" critical="yes"></status>
</test>
<status status="PASS" starttime="20201123 13:37:54.716" endtime="20201123 13:38:20.392"></status>
</suite>
<status status="PASS" starttime="20201123 13:37:54.698" endtime="20201123 13:38:20.394"></status>
</suite>
<statistics>
<total>
<stat pass="2" fail="0">Critical Tests</stat>
<stat pass="2" fail="0">All Tests</stat>
</total>
<tag>
</tag>
<suite>
<stat pass="2" fail="0" id="s1" name="MyProject">MyProject</stat>
<stat pass="2" fail="0" id="s1-s1" name="TestSuite">MyProject.TestSuite</stat>
</suite>
</statistics>
<errors>
</errors>
</robot>
